[2019-10-13 20:23:13.504] [exthost] [info] extension host started
[2019-10-13 20:23:13.520] [exthost] [info] ExtensionService#_doActivateExtension vscode.debug-auto-launch {"startup":true,"activationEvent":"*"}
[2019-10-13 20:23:13.520] [exthost] [info] ExtensionService#loadCommonJSModule file:///usr/lib/code/extensions/debug-auto-launch/dist/extension
[2019-10-13 20:23:13.525] [exthost] [info] ExtensionService#_doActivateExtension vscode.emmet {"startup":true,"activationEvent":"*"}
[2019-10-13 20:23:13.525] [exthost] [info] ExtensionService#loadCommonJSModule file:///usr/lib/code/extensions/emmet/dist/extension
[2019-10-13 20:23:13.597] [exthost] [info] ExtensionService#_doActivateExtension vscode.git {"startup":true,"activationEvent":"*"}
[2019-10-13 20:23:13.597] [exthost] [info] ExtensionService#loadCommonJSModule file:///usr/lib/code/extensions/git/dist/main
[2019-10-13 20:23:13.694] [exthost] [info] ExtensionService#_doActivateExtension vscode.merge-conflict {"startup":true,"activationEvent":"*"}
[2019-10-13 20:23:13.694] [exthost] [info] ExtensionService#loadCommonJSModule file:///usr/lib/code/extensions/merge-conflict/dist/extension
[2019-10-13 20:23:13.700] [exthost] [info] ExtensionService#_doActivateExtension dlasagno.wal-theme {"startup":true,"activationEvent":"*"}
[2019-10-13 20:23:13.700] [exthost] [info] ExtensionService#loadCommonJSModule file:///home/demifnt/.vscode-oss/extensions/dlasagno.wal-theme-1.0.3/out/extension.js
[2019-10-13 20:23:13.713] [exthost] [info] ExtensionService#_doActivateExtension PKief.material-icon-theme {"startup":true,"activationEvent":"*"}
[2019-10-13 20:23:13.713] [exthost] [info] ExtensionService#loadCommonJSModule file:///home/demifnt/.vscode-oss/extensions/pkief.material-icon-theme-3.9.1/dist/extension
[2019-10-13 20:23:13.730] [exthost] [info] eager extensions activated
[2019-10-13 20:29:12.889] [exthost] [info] extension host started
[2019-10-13 20:29:12.894] [exthost] [info] ExtensionService#_doActivateExtension vscode.debug-auto-launch {"startup":true,"activationEvent":"*"}
[2019-10-13 20:29:12.894] [exthost] [info] ExtensionService#loadCommonJSModule file:///usr/lib/code/extensions/debug-auto-launch/dist/extension
[2019-10-13 20:29:12.897] [exthost] [info] ExtensionService#_doActivateExtension vscode.emmet {"startup":true,"activationEvent":"*"}
[2019-10-13 20:29:12.897] [exthost] [info] ExtensionService#loadCommonJSModule file:///usr/lib/code/extensions/emmet/dist/extension
[2019-10-13 20:29:12.944] [exthost] [info] ExtensionService#_doActivateExtension vscode.git {"startup":true,"activationEvent":"*"}
[2019-10-13 20:29:12.944] [exthost] [info] ExtensionService#loadCommonJSModule file:///usr/lib/code/extensions/git/dist/main
[2019-10-13 20:29:13.049] [exthost] [info] ExtensionService#_doActivateExtension vscode.merge-conflict {"startup":true,"activationEvent":"*"}
[2019-10-13 20:29:13.049] [exthost] [info] ExtensionService#loadCommonJSModule file:///usr/lib/code/extensions/merge-conflict/dist/extension
[2019-10-13 20:29:13.054] [exthost] [info] ExtensionService#_doActivateExtension dlasagno.wal-theme {"startup":true,"activationEvent":"*"}
[2019-10-13 20:29:13.055] [exthost] [info] ExtensionService#loadCommonJSModule file:///home/demifnt/.vscode-oss/extensions/dlasagno.wal-theme-1.0.3/out/extension.js
[2019-10-13 20:29:13.067] [exthost] [info] ExtensionService#_doActivateExtension PKief.material-icon-theme {"startup":true,"activationEvent":"*"}
[2019-10-13 20:29:13.067] [exthost] [info] ExtensionService#loadCommonJSModule file:///home/demifnt/.vscode-oss/extensions/pkief.material-icon-theme-3.9.1/dist/extension
[2019-10-13 20:29:13.084] [exthost] [info] eager extensions activated
[2019-10-13 20:29:18.403] [exthost] [info] ExtensionService#_doActivateExtension vscode.python {"startup":false,"activationEvent":"onLanguage:python"}
[2019-10-13 20:29:18.403] [exthost] [info] ExtensionService#loadCommonJSModule file:///usr/lib/code/extensions/python/dist/pythonMain
