[2019-10-07 22:05:16.837] [exthost] [info] extension host started
[2019-10-07 22:05:16.846] [exthost] [info] ExtensionService#_doActivateExtension vscode.debug-auto-launch {"startup":true,"activationEvent":"*"}
[2019-10-07 22:05:16.846] [exthost] [info] ExtensionService#loadCommonJSModule file:///usr/lib/code/extensions/debug-auto-launch/dist/extension
[2019-10-07 22:05:16.849] [exthost] [info] ExtensionService#_doActivateExtension vscode.emmet {"startup":true,"activationEvent":"*"}
[2019-10-07 22:05:16.849] [exthost] [info] ExtensionService#loadCommonJSModule file:///usr/lib/code/extensions/emmet/dist/extension
[2019-10-07 22:05:16.898] [exthost] [info] ExtensionService#_doActivateExtension vscode.git {"startup":true,"activationEvent":"*"}
[2019-10-07 22:05:16.898] [exthost] [info] ExtensionService#loadCommonJSModule file:///usr/lib/code/extensions/git/dist/main
[2019-10-07 22:05:16.990] [exthost] [info] ExtensionService#_doActivateExtension vscode.merge-conflict {"startup":true,"activationEvent":"*"}
[2019-10-07 22:05:16.990] [exthost] [info] ExtensionService#loadCommonJSModule file:///usr/lib/code/extensions/merge-conflict/dist/extension
[2019-10-07 22:05:16.998] [exthost] [info] ExtensionService#_doActivateExtension dlasagno.wal-theme {"startup":true,"activationEvent":"*"}
[2019-10-07 22:05:16.998] [exthost] [info] ExtensionService#loadCommonJSModule file:///home/demifnt/.vscode-oss/extensions/dlasagno.wal-theme-1.0.3/out/extension.js
[2019-10-07 22:05:17.011] [exthost] [info] ExtensionService#_doActivateExtension PKief.material-icon-theme {"startup":true,"activationEvent":"*"}
[2019-10-07 22:05:17.011] [exthost] [info] ExtensionService#loadCommonJSModule file:///home/demifnt/.vscode-oss/extensions/pkief.material-icon-theme-3.9.1/dist/extension
[2019-10-07 22:05:17.028] [exthost] [info] eager extensions activated
[2019-10-07 22:07:08.930] [exthost] [info] ExtensionService#_doActivateExtension vscode.configuration-editing {"startup":false,"activationEvent":"onLanguage:jsonc"}
[2019-10-07 22:07:08.930] [exthost] [info] ExtensionService#loadCommonJSModule file:///usr/lib/code/extensions/configuration-editing/dist/extension
[2019-10-07 22:07:08.953] [exthost] [info] ExtensionService#_doActivateExtension vscode.json-language-features {"startup":false,"activationEvent":"onLanguage:jsonc"}
[2019-10-07 22:07:08.953] [exthost] [info] ExtensionService#loadCommonJSModule file:///usr/lib/code/extensions/json-language-features/client/dist/jsonMain
[2019-10-07 22:07:09.086] [exthost] [info] ExtensionService#_doActivateExtension vscode.typescript-language-features {"startup":false,"activationEvent":"onLanguage:jsonc"}
[2019-10-07 22:07:09.086] [exthost] [info] ExtensionService#loadCommonJSModule file:///usr/lib/code/extensions/typescript-language-features/dist/extension
